---------------------------------------------
Log D:\SteamLibrary\steamapps\common\DayZServer\profiles\crash_2024-06-18_20-25-54.log started at 18.06. 20:27:03



------------------------------------
DESKTOP-C4FRK2Q, 18.06 2024 20:27:03
NULL pointer to instance when trying to access variable 'ExportMap' (Parent instance is null)
Class:      'AirdropSettings'
Function: 'AirdropDefaults'
Stack trace:
Airdrop-Upgraded/Scripts/4_World/airdropsettings.c:279
Airdrop-Upgraded/Scripts/4_World/airdropsettings.c:353
Airdrop-Upgraded/Scripts/4_World/airdrop.c:51
Airdrop-Upgraded/Scripts/4_World/airdrop.c:631
Airdrop-Upgraded/Scripts/5_Mission/airdropinit.c:9
$CurrentDir:mpmissions\dayzOffline.chernarusplus\init.c:97

Runtime mode
CLI params: config serverDZ.cfg port 2302 cpuCount 2 dologs  profiles profiles adminlog  netlog  freezecheck  config serverDZ.cfg mod @CF;@Cl0ud's Military Gear;@Code Lock;@BaseBuildingPlus;@Breachingcharge;@VPPAdminTools;@Airdrop-Upgraded;@MuchStuffPack;@AC-Mod-Pack;@Advanced Weapon Scopes;@Mortys Weapons;@RedFalcon Flight System Heliz;@ORefugioModPack2;@MuchFramework 


------------------------------------
DESKTOP-C4FRK2Q, 18.06 2024 20:27:03
NULL pointer to instance when trying to access variable 'ExportMap' (Parent instance is null)
Class:      'AirdropBase'
Function: 'ADU_ExportDropZones'
Stack trace:
Airdrop-Upgraded/Scripts/4_World/airdrop.c:417
Airdrop-Upgraded/Scripts/4_World/airdrop.c:69
Airdrop-Upgraded/Scripts/4_World/airdrop.c:631
Airdrop-Upgraded/Scripts/5_Mission/airdropinit.c:9
$CurrentDir:mpmissions\dayzOffline.chernarusplus\init.c:97

Runtime mode
CLI params: config serverDZ.cfg port 2302 cpuCount 2 dologs  profiles profiles adminlog  netlog  freezecheck  config serverDZ.cfg mod @CF;@Cl0ud's Military Gear;@Code Lock;@BaseBuildingPlus;@Breachingcharge;@VPPAdminTools;@Airdrop-Upgraded;@MuchStuffPack;@AC-Mod-Pack;@Advanced Weapon Scopes;@Mortys Weapons;@RedFalcon Flight System Heliz;@ORefugioModPack2;@MuchFramework 
