---------------------------------------------
Log D:\SteamLibrary\steamapps\common\DayZServer\profiles\script_2024-06-18_21-30-38.log started at 18.06. 21:30:47

SCRIPT       : Registered 419 temporary action enum(s), UAN==419
SCRIPT    (W): @"scripts/3_Game/gameplay.c,911": Missing script declaration for method 'MenuData.GetLastSteamQueryPort'
SCRIPT       : ... Backlit Effects Enabled
SCRIPT       :  ______     ______        __    __     ______     _____        ______   ______     ______     __  __     
SCRIPT       : /\  __ \   /\  ___\      /\ "-./  \   /\  __ \   /\  __-.     /\  == \ /\  __ \   /\  ___\   /\ \/ /     
SCRIPT       : \ \  __ \  \ \ \____     \ \ \-./\ \  \ \ \/\ \  \ \ \/\ \    \ \  _-/ \ \  __ \  \ \ \____  \ \  _"-.   
SCRIPT       :  \ \_\ \_\  \ \_____\     \ \_\ \ \_\  \ \_____\  \ \____-     \ \_\    \ \_\ \_\  \ \_____\  \ \_\ \_\  
SCRIPT       :   \/_/\/_/   \/_____/      \/_/  \/_/   \/_____/   \/____/      \/_/     \/_/\/_/   \/_____/   \/_/\/_/  
SCRIPT       :  
SCRIPT       : VPPNotificationManager()
SCRIPT       : [VPPAT] Internal VPPNotifications module loaded!
SCRIPT       : [DayZ Game]:: DayZGame(): Initializing V++ Admin Tools.
SCRIPT       : Default Mission: $saves:VPPDebugMissions/Debug.chernarusplus exists!
SCRIPT       : Default Mission: $saves:VPPDebugMissions/Debug.enoch exists!
SCRIPT    (W): @"Airdrop-Upgraded/Scripts/4_World/entities\airdropcontainer.c,214": Missing ';' at the end of line
SCRIPT    (W): @"Airdrop-Upgraded/Scripts/4_World/entities\airdropcontainer.c,409": Missing ';' at the end of line
SCRIPT    (W): @"ModularVestSystem/scripts/4_World/mvs_taco.c,19": Missing ';' at the end of line
SCRIPT    (W): @"BaseBuildingPlus/scripts/4_World/items\bbp_base.c,321": FIX-ME: Overriding function 'IsRaidable' but not marked as 'override'
SCRIPT    (W): @"BaseBuildingPlus/scripts/4_World/items\bbp_base.c,326": FIX-ME: Overriding function 'IsFancyBBPItem' but not marked as 'override'
SCRIPT    (W): @"BaseBuildingPlus/scripts/4_World/items\bbp_base.c,399": FIX-ME: Overriding function 'CreateConstructionKit' but not marked as 'override'
SCRIPT    (W): @"BaseBuildingPlus/scripts/4_World/items\bbp_base.c,404": FIX-ME: Overriding function 'GetKitSpawnPosition' but not marked as 'override'
SCRIPT    (W): @"BaseBuildingPlus/scripts/4_World/items\bbp_base.c,416": FIX-ME: Overriding function 'GetConstructionKitType' but not marked as 'override'
SCRIPT    (W): @"BaseBuildingPlus/scripts/4_World/items\bbp_base.c,827": FIX-ME: Overriding function 'OnSetSlotLock' but not marked as 'override'
SCRIPT    (W): @"BaseBuildingPlus/scripts/4_World/bbp_building\bbp_barb_fence\bbp_barb.c,28": FIX-ME: Overriding function 'CreateAreaDamage' but not marked as 'override'
SCRIPT    (W): @"BaseBuildingPlus/scripts/4_World/bbp_building\bbp_barb_fence\bbp_barb.c,78": FIX-ME: Overriding function 'UpdateBarbedWireAreaDamagePos' but not marked as 'override'
SCRIPT    (W): @"TTC_Rifles/Scripts/4_World/entities\itembase\switchablebase\universallight.c,11": FIX-ME: Overriding function 'InitAttachmentsSlotsToCheck' but not marked as 'override'
SCRIPT    (W): @"BaseBuildingPlus/scripts/4_World/bbp_building\bbp_mesh_fence\bbp_barb.c,28": FIX-ME: Overriding function 'CreateAreaDamage' but not marked as 'override'
SCRIPT    (W): @"BaseBuildingPlus/scripts/4_World/bbp_building\bbp_mesh_fence\bbp_barb.c,78": FIX-ME: Overriding function 'UpdateBarbedWireAreaDamagePos' but not marked as 'override'
SCRIPT    (W): @"BaseBuildingPlus/scripts/4_World/bbp_building\bbp_stair\bstair\bbp_bstair.c,15": FIX-ME: Overriding function 'isDismantle' but not marked as 'override'
SCRIPT    (W): @"BaseBuildingPlus/scripts/4_World/bbp_building\bbp_floor\bbp_floor_mesh\bbp_mesh.c,14": FIX-ME: Overriding function 'isFloor' but not marked as 'override'
SCRIPT    (W): @"VPPAdminTools/4_World/vppadmintools\plugins\pluginbase\webhooksmanager\classes\messagetypes\joinleavemessage.c,7": Possible variable name conflict 'guid'
SCRIPT    (W): @"VPPAdminTools/4_World/vppadmintools\plugins\pluginbase\webhooksmanager\classes\messagetypes\joinleavemessage.c,7": Possible variable name conflict 'details'
SCRIPT    (W): @"BaseBuildingPlus/scripts/4_World/bbp_building\bbp_ramp\bramp\bbp_bramp.c,24": FIX-ME: Overriding function 'isDismantle' but not marked as 'override'
SCRIPT    (W): @"BaseBuildingPlus/scripts/4_World/bbp_building\bbp_stair\sstair\bbp_sstair.c,24": FIX-ME: Overriding function 'isDismantle' but not marked as 'override'
SCRIPT    (W): @"BaseBuildingPlus/scripts/4_World/bbp_building\bbp_mesh_gate\bbp_mesh_gate.c,63": FIX-ME: Overriding function 'CreateAreaDamage' but not marked as 'override'
SCRIPT    (W): @"BaseBuildingPlus/scripts/4_World/bbp_building\bbp_mesh_gate\bbp_mesh_gate.c,113": FIX-ME: Overriding function 'UpdateBarbedWireAreaDamagePos' but not marked as 'override'
SCRIPT    (W): @"BaseBuildingPlus/scripts/4_World/bbp_building\bbp_floor\bbp_bfloor\bbp_bfloor.c,14": FIX-ME: Overriding function 'isFloor' but not marked as 'override'
SCRIPT    (W): @"CodeLock/scripts/4_world/gui\setcodemenu.c,31": FIX-ME: Overriding function 'CheckState' but not marked as 'override'
SCRIPT    (W): @"BaseBuildingPlus/scripts/4_World/bbp_building\bbp_stair\mstair\bbp_bstair.c,24": FIX-ME: Overriding function 'isDismantle' but not marked as 'override'
SCRIPT    (W): @"VPPAdminTools/4_World/vppadmintools\plugins\pluginbase\webhooksmanager\classes\webhookmessagebase.c,53": Possible variable name conflict 'title'
SCRIPT    (W): @"VPPAdminTools/4_World/vppadmintools\plugins\pluginbase\webhooksmanager\classes\webhookmessagebase.c,53": Possible variable name conflict 'color'
SCRIPT    (W): @"BaseBuildingPlus/scripts/4_World/bbp_building\bbp_pillar\bpillar\bbp_bpillar.c,9": FIX-ME: Overriding function 'isDismantle' but not marked as 'override'
SCRIPT    (W): @"BaseBuildingPlus/scripts/4_World/bbp_building\bbp_floor\bbp_sfloor\bbp_sfloor.c,14": FIX-ME: Overriding function 'isFloor' but not marked as 'override'
SCRIPT    (W): @"CodeLock/scripts/4_world/gui\guestcodemenu.c,29": FIX-ME: Overriding function 'SendRPC' but not marked as 'override'
SCRIPT    (W): @"BaseBuildingPlus/scripts/4_World/overrides\construction.c,189": FIX-ME: Overriding function 'SpawnConstructionMaterialPiles' but not marked as 'override'
SCRIPT    (W): @"MilitaryGear_Scripts\Scripts\4_World/newrecipes.c,3": FIX-ME: Overriding function 'RegisterRecipies' but not marked as 'override'
SCRIPT    (W): @"BaseBuildingPlus/scripts/4_World/bbp_building\bbp_floor_hatch\bbp_floor_hatch.c,49": FIX-ME: Overriding function 'isFloor' but not marked as 'override'
SCRIPT    (W): @"BaseBuildingPlus/scripts/4_World/bbp_building\bbp_half_wall\bbp_half_swall\bbp_swall.c,14": FIX-ME: Overriding function 'isSmall' but not marked as 'override'
SCRIPT    (W): @"BaseBuildingPlus/scripts/4_World/overrides\construction.c,72": FIX-ME: Overriding function 'DropNonUsableMaterialsServer' but not marked as 'override'
SCRIPT    (W): @"CodeLock/scripts/4_world/gui\claimcodemenu.c,27": FIX-ME: Overriding function 'SendRPC' but not marked as 'override'
SCRIPT    (W): @"BaseBuildingPlus/scripts/4_World/bbp_building\bbp_slope_roof\bbp_slope_roof.c,14": FIX-ME: Overriding function 'isflat' but not marked as 'override'
SCRIPT    (W): @"CodeLock/scripts/4_world/gui\entercodemenu.c,37": FIX-ME: Overriding function 'SendRPC' but not marked as 'override'
SCRIPT    (W): @"BaseBuildingPlus/scripts/4_World/bbp_building\bbp_pillar\spillar\bbp_spillar.c,9": FIX-ME: Overriding function 'isDismantle' but not marked as 'override'
SCRIPT    (W): @"BaseBuildingPlus/scripts/4_World/items\admintool\admin.c,16": FIX-ME: Overriding function 'isBBPAdminTool' but not marked as 'override'
SCRIPT    (W): @"Airdrop-Upgraded/Scripts/4_World/entities\airdropplane.c,111": Possible variable name conflict 'm_Dist'
SCRIPT    (W): @"Airdrop-Upgraded/Scripts/4_World/entities\airdropplane.c,193": Possible variable name conflict 'm_Dist'
SCRIPT    (W): @"Airdrop-Upgraded/Scripts/4_World/entities\airdropcontainer.c,122": No need to use 'Cast' for up-casting
SCRIPT    (W): @"CodeLock/scripts/4_world/actions\continuous\actiondestroycodelockontent.c,73": Possible variable name conflict '_Health'
SCRIPT    (W): @"CodeLock/scripts/4_world/actions\continuous\actiondestroycodelockonfence.c,67": Possible variable name conflict '_Health'
SCRIPT    (W): @"ImmobilizerClient/scripts/4_World/classes\actions\actiondirectopencarlock.c,33": Unsafe down-casting, use 'CarScript.Cast' for safe down-casting
SCRIPT    (W): @"ImmobilizerClient/scripts/4_World/classes\actions\actiondirectlockcarlock.c,33": Unsafe down-casting, use 'CarScript.Cast' for safe down-casting
SCRIPT    (W): @"MuchFramework/scripts/4_World/muchframework\virtualstorage\definitions.c,253": No need to use 'Cast' for up-casting
SCRIPT    (W): @"VPPAdminTools/4_World/vppadmintools\plugins\pluginbase\chatcommandmanager\classes\chatmodules\argumentcommands\spawning\spawnongroundmodule.c,32": FIX-ME: Undefined function 'ItemBase.SetupSpawnedItem'
SCRIPT    (W): @"VPPAdminTools/4_World/vppadmintools\plugins\pluginbase\itemmanager\itemmanager.c,225": FIX-ME: Undefined function 'ItemBase.SetupSpawnedItem'
SCRIPT    (W): @"VPPAdminTools/4_World/vppadmintools\plugins\pluginbase\admintools\admintools.c,60": No need to use 'Cast' for up-casting
SCRIPT    (W): @"RFFSHeli_Core/scripts/4_world/actions\actiongetintransport.c,6": Unsafe down-casting, use 'RFFSHeli_base.Cast' for safe down-casting
SCRIPT    (W): @"RFFSHeli_Core/scripts/4_world/actions\actiongetouttransport.c,64": Unsafe down-casting, use 'RFFSHeli_base.Cast' for safe down-casting
SCRIPT    (W): @"RFFSHeli_Core/scripts/4_world/playerbase.c,16": Unsafe down-casting, use 'Object.Cast' for safe down-casting
SCRIPT    (W): @"RFFSHeli_Core/scripts/4_world/playerbase.c,217": Unsafe down-casting, use 'Object.Cast' for safe down-casting
SCRIPT    (W): @"RFFSHeli_Core/scripts/4_world/rffsheli_core.c,2211": Unsafe down-casting, use 'ItemBase.Cast' for safe down-casting
SCRIPT    (W): @"RFFSHeli_Core/scripts/4_world/rffsheli_core.c,2316": Unsafe down-casting, use 'ItemBase.Cast' for safe down-casting
SCRIPT       : ~DayZGame()
